{"C:\\Users\\Stewie Mayer\\Desktop\\pruebas tecnicas\\rick-n-morty-mf-app\\mf-host\\src\\App.tsx": {"path":"C:\\Users\\Stewie Mayer\\Desktop\\pruebas tecnicas\\rick-n-morty-mf-app\\mf-host\\src\\App.tsx","statementMap":{"0":{"start":{"line":1,"column":0},"end":{"line":1,"column":64}},"1":{"start":{"line":3,"column":12},"end":{"line":9,"column":1}},"2":{"start":{"line":4,"column":2},"end":{"line":8,"column":19}},"3":{"start":{"line":11,"column":0},"end":{"line":11,"column":19}}},"fnMap":{"0":{"name":"(anonymous_0)","decl":{"start":{"line":3,"column":12},"end":{"line":3,"column":15}},"loc":{"start":{"line":3,"column":17},"end":{"line":9,"column":1}}}},"branchMap":{},"s":{"0":1,"1":1,"2":1,"3":1},"f":{"0":1},"b":{}}
}
